<?xml version="1.0" encoding="UTF-8"?>
<testsuite name="com.jeongyun.study.springboot.web.indexControllerTest" tests="1" skipped="0" failures="0" errors="0" timestamp="2021-01-29T06:06:19" hostname="eojeong-yun-ui-MacBookPro.local" time="0.186">
  <properties/>
  <testcase name="메인페이지_로딩()" classname="com.jeongyun.study.springboot.web.indexControllerTest" time="0.186"/>
  <system-out><![CDATA[2021-01-29 15:06:18.303  INFO 14364 --- [    Test worker] .b.t.c.SpringBootTestContextBootstrapper : Neither @ContextConfiguration nor @ContextHierarchy found for test class [com.jeongyun.study.springboot.web.indexControllerTest], using SpringBootContextLoader
2021-01-29 15:06:18.304  INFO 14364 --- [    Test worker] o.s.t.c.support.AbstractContextLoader    : Could not detect default resource locations for test class [com.jeongyun.study.springboot.web.indexControllerTest]: no resource found for suffixes {-context.xml, Context.groovy}.
2021-01-29 15:06:18.304  INFO 14364 --- [    Test worker] t.c.s.AnnotationConfigContextLoaderUtils : Could not detect default configuration classes for test class [com.jeongyun.study.springboot.web.indexControllerTest]: indexControllerTest does not declare any static, non-private, non-final, nested classes annotated with @Configuration.
2021-01-29 15:06:18.306  INFO 14364 --- [    Test worker] .b.t.c.SpringBootTestContextBootstrapper : Found @SpringBootConfiguration com.jeongyun.study.springboot.Application for test class com.jeongyun.study.springboot.web.indexControllerTest
2021-01-29 15:06:18.307  INFO 14364 --- [    Test worker] .b.t.c.SpringBootTestContextBootstrapper : Loaded default TestExecutionListener class names from location [META-INF/spring.factories]: [org.springframework.security.test.context.support.WithSecurityContextTestExecutionListener, org.springframework.security.test.context.support.ReactorContextTestExecutionListener, org.springframework.boot.test.autoconfigure.restdocs.RestDocsTestExecutionListener, org.springframework.boot.test.autoconfigure.web.client.MockRestServiceServerResetTestExecutionListener, org.springframework.boot.test.autoconfigure.web.servlet.MockMvcPrintOnlyOnFailureTestExecutionListener, org.springframework.boot.test.autoconfigure.web.servlet.WebDriverTestExecutionListener, org.springframework.boot.test.autoconfigure.webservices.client.MockWebServiceServerTestExecutionListener, org.springframework.boot.test.mock.mockito.MockitoTestExecutionListener, org.springframework.boot.test.mock.mockito.ResetMocksTestExecutionListener, org.springframework.test.context.web.ServletTestExecutionListener, org.springframework.test.context.support.DirtiesContextBeforeModesTestExecutionListener, org.springframework.test.context.support.DependencyInjectionTestExecutionListener, org.springframework.test.context.support.DirtiesContextTestExecutionListener, org.springframework.test.context.transaction.TransactionalTestExecutionListener, org.springframework.test.context.jdbc.SqlScriptsTestExecutionListener, org.springframework.test.context.event.EventPublishingTestExecutionListener]
2021-01-29 15:06:18.308  INFO 14364 --- [    Test worker] .b.t.c.SpringBootTestContextBootstrapper : Using TestExecutionListeners: [org.springframework.test.context.web.ServletTestExecutionListener@678a781e, org.springframework.test.context.support.DirtiesContextBeforeModesTestExecutionListener@605b5681, org.springframework.boot.test.mock.mockito.MockitoTestExecutionListener@7eab0e2c, org.springframework.boot.test.autoconfigure.SpringBootDependencyInjectionTestExecutionListener@15822c90, org.springframework.test.context.support.DirtiesContextTestExecutionListener@21fcecb6, org.springframework.test.context.transaction.TransactionalTestExecutionListener@1b295956, org.springframework.test.context.jdbc.SqlScriptsTestExecutionListener@3dd5ee71, org.springframework.security.test.context.support.WithSecurityContextTestExecutionListener@3937a3f7, org.springframework.test.context.event.EventPublishingTestExecutionListener@7f68613b, org.springframework.security.test.context.support.ReactorContextTestExecutionListener@2eda7469, org.springframework.boot.test.autoconfigure.restdocs.RestDocsTestExecutionListener@3ceea1a5, org.springframework.boot.test.autoconfigure.web.client.MockRestServiceServerResetTestExecutionListener@384295d4, org.springframework.boot.test.autoconfigure.web.servlet.MockMvcPrintOnlyOnFailureTestExecutionListener@49f5a5e, org.springframework.boot.test.autoconfigure.web.servlet.WebDriverTestExecutionListener@799b1f98, org.springframework.boot.test.autoconfigure.webservices.client.MockWebServiceServerTestExecutionListener@30317a87, org.springframework.boot.test.mock.mockito.ResetMocksTestExecutionListener@1c71a560]

  .   ____          _            __ _ _
 /\\ / ___'_ __ _ _(_)_ __  __ _ \ \ \ \
( ( )\___ | '_ | '_| | '_ \/ _` | \ \ \ \
 \\/  ___)| |_)| | | | | || (_| |  ) ) ) )
  '  |____| .__|_| |_|_| |_\__, | / / / /
 =========|_|==============|___/=/_/_/_/
 :: Spring Boot ::                (v2.4.1)

2021-01-29 15:06:18.332  INFO 14364 --- [    Test worker] c.j.s.s.web.indexControllerTest          : Starting indexControllerTest using Java 1.8.0_282 on eojeong-yun-ui-MacBookPro.local with PID 14364 (started by yurr in /Users/yurr/IdeaProjects/springboot)
2021-01-29 15:06:18.333  INFO 14364 --- [    Test worker] c.j.s.s.web.indexControllerTest          : No active profile set, falling back to default profiles: default
2021-01-29 15:06:18.455  INFO 14364 --- [    Test worker] .s.d.r.c.RepositoryConfigurationDelegate : Bootstrapping Spring Data JPA repositories in DEFAULT mode.
2021-01-29 15:06:18.464  INFO 14364 --- [    Test worker] .s.d.r.c.RepositoryConfigurationDelegate : Finished Spring Data repository scanning in 9 ms. Found 2 JPA repository interfaces.
2021-01-29 15:06:18.729  INFO 14364 --- [    Test worker] o.s.b.w.embedded.tomcat.TomcatWebServer  : Tomcat initialized with port(s): 0 (http)
2021-01-29 15:06:18.741  INFO 14364 --- [    Test worker] o.apache.catalina.core.StandardService   : Starting service [Tomcat]
2021-01-29 15:06:18.741  INFO 14364 --- [    Test worker] org.apache.catalina.core.StandardEngine  : Starting Servlet engine: [Apache Tomcat/9.0.41]
2021-01-29 15:06:18.821  INFO 14364 --- [    Test worker] o.a.c.c.C.[Tomcat].[localhost].[/]       : Initializing Spring embedded WebApplicationContext
2021-01-29 15:06:18.821  INFO 14364 --- [    Test worker] w.s.c.ServletWebServerApplicationContext : Root WebApplicationContext: initialization completed in 486 ms
2021-01-29 15:06:18.847  INFO 14364 --- [    Test worker] com.zaxxer.hikari.HikariDataSource       : HikariPool-2 - Starting...
2021-01-29 15:06:18.847  INFO 14364 --- [    Test worker] com.zaxxer.hikari.HikariDataSource       : HikariPool-2 - Start completed.
2021-01-29 15:06:18.847  INFO 14364 --- [    Test worker] o.s.b.a.h2.H2ConsoleAutoConfiguration    : H2 console available at '/h2-console'. Database available at 'jdbc:h2:mem:testdb'
2021-01-29 15:06:18.932  INFO 14364 --- [    Test worker] o.hibernate.jpa.internal.util.LogHelper  : HHH000204: Processing PersistenceUnitInfo [name: default]
2021-01-29 15:06:18.936  INFO 14364 --- [    Test worker] org.hibernate.dialect.Dialect            : HHH000400: Using dialect: org.hibernate.dialect.MySQL57Dialect
Hibernate: drop table if exists posts
Hibernate: drop table if exists user
Hibernate: create table posts (id bigint not null auto_increment, created_date datetime(6), modified_date datetime(6), author varchar(255), content TEXT not null, title varchar(500) not null, primary key (id)) engine=InnoDB
Hibernate: create table user (id bigint not null auto_increment, created_date datetime(6), modified_date datetime(6), email varchar(255) not null, name varchar(255) not null, picture varchar(255), role varchar(255) not null, primary key (id)) engine=InnoDB
2021-01-29 15:06:18.981  INFO 14364 --- [    Test worker] o.h.e.t.j.p.i.JtaPlatformInitiator       : HHH000490: Using JtaPlatform implementation: [org.hibernate.engine.transaction.jta.platform.internal.NoJtaPlatform]
2021-01-29 15:06:18.981  INFO 14364 --- [    Test worker] j.LocalContainerEntityManagerFactoryBean : Initialized JPA EntityManagerFactory for persistence unit 'default'
2021-01-29 15:06:19.166  WARN 14364 --- [    Test worker] JpaBaseConfiguration$JpaWebConfiguration : spring.jpa.open-in-view is enabled by default. Therefore, database queries may be performed during view rendering. Explicitly configure spring.jpa.open-in-view to disable this warning
2021-01-29 15:06:19.344  INFO 14364 --- [    Test worker] o.s.s.web.DefaultSecurityFilterChain     : Will secure any request with [org.springframework.security.web.context.request.async.WebAsyncManagerIntegrationFilter@4243f032, org.springframework.security.web.context.SecurityContextPersistenceFilter@58f3830c, org.springframework.security.web.header.HeaderWriterFilter@5f840fdd, org.springframework.security.web.authentication.logout.LogoutFilter@4823507c, org.springframework.security.oauth2.client.web.OAuth2AuthorizationRequestRedirectFilter@5d8a57cb, org.springframework.security.oauth2.client.web.OAuth2LoginAuthenticationFilter@3ec9022b, org.springframework.security.web.authentication.ui.DefaultLoginPageGeneratingFilter@49f6bf, org.springframework.security.web.authentication.ui.DefaultLogoutPageGeneratingFilter@5cfb0156, org.springframework.security.web.savedrequest.RequestCacheAwareFilter@16334f56, org.springframework.security.web.servletapi.SecurityContextHolderAwareRequestFilter@693640aa, org.springframework.security.web.authentication.AnonymousAuthenticationFilter@5340310d, org.springframework.security.web.session.SessionManagementFilter@1f7edd1e, org.springframework.security.web.access.ExceptionTranslationFilter@5b02a18d, org.springframework.security.web.access.intercept.FilterSecurityInterceptor@709dc773]
2021-01-29 15:06:19.429  INFO 14364 --- [    Test worker] o.s.s.concurrent.ThreadPoolTaskExecutor  : Initializing ExecutorService 'applicationTaskExecutor'
2021-01-29 15:06:19.455  INFO 14364 --- [    Test worker] o.s.b.a.w.s.WelcomePageHandlerMapping    : Adding welcome page template: index
2021-01-29 15:06:19.630  INFO 14364 --- [    Test worker] o.s.b.w.embedded.tomcat.TomcatWebServer  : Tomcat started on port(s): 56197 (http) with context path ''
2021-01-29 15:06:19.633  INFO 14364 --- [    Test worker] s.a.ScheduledAnnotationBeanPostProcessor : No TaskScheduler/ScheduledExecutorService bean found for scheduled processing
2021-01-29 15:06:19.634  INFO 14364 --- [    Test worker] c.j.s.s.web.indexControllerTest          : Started indexControllerTest in 1.323 seconds (JVM running for 8.095)
2021-01-29 15:06:19.749  INFO 14364 --- [o-auto-1-exec-1] o.a.c.c.C.[Tomcat].[localhost].[/]       : Initializing Spring DispatcherServlet 'dispatcherServlet'
2021-01-29 15:06:19.750  INFO 14364 --- [o-auto-1-exec-1] o.s.web.servlet.DispatcherServlet        : Initializing Servlet 'dispatcherServlet'
2021-01-29 15:06:19.751  INFO 14364 --- [o-auto-1-exec-1] o.s.web.servlet.DispatcherServlet        : Completed initialization in 1 ms
Hibernate: select posts0_.id as id1_0_, posts0_.created_date as created_2_0_, posts0_.modified_date as modified3_0_, posts0_.author as author4_0_, posts0_.content as content5_0_, posts0_.title as title6_0_ from posts posts0_ order by posts0_.id DESC
]]></system-out>
  <system-err><![CDATA[]]></system-err>
</testsuite>
