<?xml version="1.0" encoding="UTF-8"?>
<testsuite name="com.jeongyun.study.springboot.web.domain.posts.PostsRepositoryTest" tests="2" skipped="0" failures="0" errors="0" timestamp="2021-01-29T06:06:17" hostname="eojeong-yun-ui-MacBookPro.local" time="0.165">
  <properties/>
  <testcase name="게시글저장_불러오기()" classname="com.jeongyun.study.springboot.web.domain.posts.PostsRepositoryTest" time="0.153"/>
  <testcase name="BaseTimeEntity_등록()" classname="com.jeongyun.study.springboot.web.domain.posts.PostsRepositoryTest" time="0.011"/>
  <system-out><![CDATA[15:06:12.357 [Test worker] DEBUG org.springframework.test.context.BootstrapUtils - Instantiating CacheAwareContextLoaderDelegate from class [org.springframework.test.context.cache.DefaultCacheAwareContextLoaderDelegate]
15:06:12.369 [Test worker] DEBUG org.springframework.test.context.BootstrapUtils - Instantiating BootstrapContext using constructor [public org.springframework.test.context.support.DefaultBootstrapContext(java.lang.Class,org.springframework.test.context.CacheAwareContextLoaderDelegate)]
15:06:12.407 [Test worker] DEBUG org.springframework.test.context.BootstrapUtils - Instantiating TestContextBootstrapper for test class [com.jeongyun.study.springboot.web.domain.posts.PostsRepositoryTest] from class [org.springframework.boot.test.context.SpringBootTestContextBootstrapper]
15:06:12.417 [Test worker] INFO org.springframework.boot.test.context.SpringBootTestContextBootstrapper - Neither @ContextConfiguration nor @ContextHierarchy found for test class [com.jeongyun.study.springboot.web.domain.posts.PostsRepositoryTest], using SpringBootContextLoader
15:06:12.420 [Test worker] DEBUG org.springframework.test.context.support.AbstractContextLoader - Did not detect default resource location for test class [com.jeongyun.study.springboot.web.domain.posts.PostsRepositoryTest]: class path resource [com/jeongyun/study/springboot/web/domain/posts/PostsRepositoryTest-context.xml] does not exist
15:06:12.421 [Test worker] DEBUG org.springframework.test.context.support.AbstractContextLoader - Did not detect default resource location for test class [com.jeongyun.study.springboot.web.domain.posts.PostsRepositoryTest]: class path resource [com/jeongyun/study/springboot/web/domain/posts/PostsRepositoryTestContext.groovy] does not exist
15:06:12.421 [Test worker] INFO org.springframework.test.context.support.AbstractContextLoader - Could not detect default resource locations for test class [com.jeongyun.study.springboot.web.domain.posts.PostsRepositoryTest]: no resource found for suffixes {-context.xml, Context.groovy}.
15:06:12.422 [Test worker] INFO org.springframework.test.context.support.AnnotationConfigContextLoaderUtils - Could not detect default configuration classes for test class [com.jeongyun.study.springboot.web.domain.posts.PostsRepositoryTest]: PostsRepositoryTest does not declare any static, non-private, non-final, nested classes annotated with @Configuration.
15:06:12.457 [Test worker] DEBUG org.springframework.test.context.support.ActiveProfilesUtils - Could not find an 'annotation declaring class' for annotation type [org.springframework.test.context.ActiveProfiles] and class [com.jeongyun.study.springboot.web.domain.posts.PostsRepositoryTest]
15:06:12.523 [Test worker] DEBUG org.springframework.context.annotation.ClassPathScanningCandidateComponentProvider - Identified candidate component class: file [/Users/yurr/IdeaProjects/springboot/build/classes/java/main/com/jeongyun/study/springboot/Application.class]
15:06:12.524 [Test worker] INFO org.springframework.boot.test.context.SpringBootTestContextBootstrapper - Found @SpringBootConfiguration com.jeongyun.study.springboot.Application for test class com.jeongyun.study.springboot.web.domain.posts.PostsRepositoryTest
15:06:12.598 [Test worker] DEBUG org.springframework.boot.test.context.SpringBootTestContextBootstrapper - @TestExecutionListeners is not present for class [com.jeongyun.study.springboot.web.domain.posts.PostsRepositoryTest]: using defaults.
15:06:12.599 [Test worker] INFO org.springframework.boot.test.context.SpringBootTestContextBootstrapper - Loaded default TestExecutionListener class names from location [META-INF/spring.factories]: [org.springframework.security.test.context.support.WithSecurityContextTestExecutionListener, org.springframework.security.test.context.support.ReactorContextTestExecutionListener, org.springframework.boot.test.autoconfigure.restdocs.RestDocsTestExecutionListener, org.springframework.boot.test.autoconfigure.web.client.MockRestServiceServerResetTestExecutionListener, org.springframework.boot.test.autoconfigure.web.servlet.MockMvcPrintOnlyOnFailureTestExecutionListener, org.springframework.boot.test.autoconfigure.web.servlet.WebDriverTestExecutionListener, org.springframework.boot.test.autoconfigure.webservices.client.MockWebServiceServerTestExecutionListener, org.springframework.boot.test.mock.mockito.MockitoTestExecutionListener, org.springframework.boot.test.mock.mockito.ResetMocksTestExecutionListener, org.springframework.test.context.web.ServletTestExecutionListener, org.springframework.test.context.support.DirtiesContextBeforeModesTestExecutionListener, org.springframework.test.context.support.DependencyInjectionTestExecutionListener, org.springframework.test.context.support.DirtiesContextTestExecutionListener, org.springframework.test.context.transaction.TransactionalTestExecutionListener, org.springframework.test.context.jdbc.SqlScriptsTestExecutionListener, org.springframework.test.context.event.EventPublishingTestExecutionListener]
15:06:12.613 [Test worker] INFO org.springframework.boot.test.context.SpringBootTestContextBootstrapper - Using TestExecutionListeners: [org.springframework.test.context.web.ServletTestExecutionListener@e97609, org.springframework.test.context.support.DirtiesContextBeforeModesTestExecutionListener@6ac98cde, org.springframework.boot.test.mock.mockito.MockitoTestExecutionListener@11ed58a6, org.springframework.boot.test.autoconfigure.SpringBootDependencyInjectionTestExecutionListener@b11f044, org.springframework.test.context.support.DirtiesContextTestExecutionListener@40039611, org.springframework.test.context.transaction.TransactionalTestExecutionListener@668a4db3, org.springframework.test.context.jdbc.SqlScriptsTestExecutionListener@1dd901ac, org.springframework.security.test.context.support.WithSecurityContextTestExecutionListener@19ce4183, org.springframework.test.context.event.EventPublishingTestExecutionListener@4521ffb5, org.springframework.security.test.context.support.ReactorContextTestExecutionListener@71f2d577, org.springframework.boot.test.autoconfigure.restdocs.RestDocsTestExecutionListener@24f37e84, org.springframework.boot.test.autoconfigure.web.client.MockRestServiceServerResetTestExecutionListener@4fdae1c0, org.springframework.boot.test.autoconfigure.web.servlet.MockMvcPrintOnlyOnFailureTestExecutionListener@5cc73d9, org.springframework.boot.test.autoconfigure.web.servlet.WebDriverTestExecutionListener@62f2477a, org.springframework.boot.test.autoconfigure.webservices.client.MockWebServiceServerTestExecutionListener@5d4a12fe, org.springframework.boot.test.mock.mockito.ResetMocksTestExecutionListener@45863c76]
15:06:12.615 [Test worker] DEBUG org.springframework.test.context.support.AbstractDirtiesContextTestExecutionListener - Before test class: context [DefaultTestContext@57e2dba3 testClass = PostsRepositoryTest, testInstance = [null], testMethod = [null], testException = [null], mergedContextConfiguration = [WebMergedContextConfiguration@26badf5d testClass = PostsRepositoryTest, locations = '{}', classes = '{class com.jeongyun.study.springboot.Application}', contextInitializerClasses = '[]', activeProfiles = '{}', propertySourceLocations = '{}', propertySourceProperties = '{org.springframework.boot.test.context.SpringBootTestContextBootstrapper=true}', contextCustomizers = set[org.springframework.boot.test.autoconfigure.actuate.metrics.MetricsExportContextCustomizerFactory$DisableMetricExportContextCustomizer@1c31df, org.springframework.boot.test.autoconfigure.properties.PropertyMappingContextCustomizer@0, org.springframework.boot.test.autoconfigure.web.servlet.WebDriverContextCustomizerFactory$Customizer@507279e0, org.springframework.boot.test.context.filter.ExcludeFilterContextCustomizer@3b32300b, org.springframework.boot.test.json.DuplicateJsonObjectContextCustomizerFactory$DuplicateJsonObjectContextCustomizer@3b71ce60, org.springframework.boot.test.mock.mockito.MockitoContextCustomizer@0, org.springframework.boot.test.web.client.TestRestTemplateContextCustomizer@4a5781c7, org.springframework.boot.test.context.SpringBootTestArgs@1, org.springframework.boot.test.context.SpringBootTestWebEnvironment@156b48da], resourceBasePath = 'src/main/webapp', contextLoader = 'org.springframework.boot.test.context.SpringBootContextLoader', parent = [null]], attributes = map['org.springframework.test.context.web.ServletTestExecutionListener.activateListener' -> true]], class annotated with @DirtiesContext [false] with mode [null].
15:06:12.632 [Test worker] DEBUG org.springframework.test.context.support.TestPropertySourceUtils - Adding inlined properties to environment: {spring.jmx.enabled=false, org.springframework.boot.test.context.SpringBootTestContextBootstrapper=true}

  .   ____          _            __ _ _
 /\\ / ___'_ __ _ _(_)_ __  __ _ \ \ \ \
( ( )\___ | '_ | '_| | '_ \/ _` | \ \ \ \
 \\/  ___)| |_)| | | | | || (_| |  ) ) ) )
  '  |____| .__|_| |_|_| |_\__, | / / / /
 =========|_|==============|___/=/_/_/_/
 :: Spring Boot ::                (v2.4.1)

2021-01-29 15:06:12.848  INFO 14364 --- [    Test worker] c.j.s.s.w.d.posts.PostsRepositoryTest    : Starting PostsRepositoryTest using Java 1.8.0_282 on eojeong-yun-ui-MacBookPro.local with PID 14364 (started by yurr in /Users/yurr/IdeaProjects/springboot)
2021-01-29 15:06:12.850  INFO 14364 --- [    Test worker] c.j.s.s.w.d.posts.PostsRepositoryTest    : No active profile set, falling back to default profiles: default
2021-01-29 15:06:13.549  INFO 14364 --- [    Test worker] .s.d.r.c.RepositoryConfigurationDelegate : Bootstrapping Spring Data JPA repositories in DEFAULT mode.
2021-01-29 15:06:13.637  INFO 14364 --- [    Test worker] .s.d.r.c.RepositoryConfigurationDelegate : Finished Spring Data repository scanning in 79 ms. Found 2 JPA repository interfaces.
2021-01-29 15:06:14.186  INFO 14364 --- [    Test worker] com.zaxxer.hikari.HikariDataSource       : HikariPool-1 - Starting...
2021-01-29 15:06:14.364  INFO 14364 --- [    Test worker] com.zaxxer.hikari.HikariDataSource       : HikariPool-1 - Start completed.
2021-01-29 15:06:14.431  INFO 14364 --- [    Test worker] o.hibernate.jpa.internal.util.LogHelper  : HHH000204: Processing PersistenceUnitInfo [name: default]
2021-01-29 15:06:14.479  INFO 14364 --- [    Test worker] org.hibernate.Version                    : HHH000412: Hibernate ORM core version 5.4.25.Final
2021-01-29 15:06:14.669  INFO 14364 --- [    Test worker] o.hibernate.annotations.common.Version   : HCANN000001: Hibernate Commons Annotations {5.1.2.Final}
2021-01-29 15:06:14.857  INFO 14364 --- [    Test worker] org.hibernate.dialect.Dialect            : HHH000400: Using dialect: org.hibernate.dialect.MySQL57Dialect
Hibernate: drop table if exists posts
Hibernate: drop table if exists user
Hibernate: create table posts (id bigint not null auto_increment, created_date datetime(6), modified_date datetime(6), author varchar(255), content TEXT not null, title varchar(500) not null, primary key (id)) engine=InnoDB
Hibernate: create table user (id bigint not null auto_increment, created_date datetime(6), modified_date datetime(6), email varchar(255) not null, name varchar(255) not null, picture varchar(255), role varchar(255) not null, primary key (id)) engine=InnoDB
2021-01-29 15:06:15.604  INFO 14364 --- [    Test worker] o.h.e.t.j.p.i.JtaPlatformInitiator       : HHH000490: Using JtaPlatform implementation: [org.hibernate.engine.transaction.jta.platform.internal.NoJtaPlatform]
2021-01-29 15:06:15.613  INFO 14364 --- [    Test worker] j.LocalContainerEntityManagerFactoryBean : Initialized JPA EntityManagerFactory for persistence unit 'default'
2021-01-29 15:06:16.059  WARN 14364 --- [    Test worker] JpaBaseConfiguration$JpaWebConfiguration : spring.jpa.open-in-view is enabled by default. Therefore, database queries may be performed during view rendering. Explicitly configure spring.jpa.open-in-view to disable this warning
2021-01-29 15:06:16.627  INFO 14364 --- [    Test worker] o.s.s.web.DefaultSecurityFilterChain     : Will secure any request with [org.springframework.security.web.context.request.async.WebAsyncManagerIntegrationFilter@7cc2e08, org.springframework.security.web.context.SecurityContextPersistenceFilter@462e089d, org.springframework.security.web.header.HeaderWriterFilter@60f5e7f4, org.springframework.security.web.authentication.logout.LogoutFilter@3723b43d, org.springframework.security.oauth2.client.web.OAuth2AuthorizationRequestRedirectFilter@37fd490b, org.springframework.security.oauth2.client.web.OAuth2LoginAuthenticationFilter@280737b2, org.springframework.security.web.authentication.ui.DefaultLoginPageGeneratingFilter@e895570, org.springframework.security.web.authentication.ui.DefaultLogoutPageGeneratingFilter@19842921, org.springframework.security.web.savedrequest.RequestCacheAwareFilter@4c4f1e26, org.springframework.security.web.servletapi.SecurityContextHolderAwareRequestFilter@536a108e, org.springframework.security.web.authentication.AnonymousAuthenticationFilter@5fdd37ce, org.springframework.security.web.session.SessionManagementFilter@2c7e0a32, org.springframework.security.web.access.ExceptionTranslationFilter@c43e1a, org.springframework.security.web.access.intercept.FilterSecurityInterceptor@4f4b062b]
2021-01-29 15:06:16.946  INFO 14364 --- [    Test worker] o.s.s.concurrent.ThreadPoolTaskExecutor  : Initializing ExecutorService 'applicationTaskExecutor'
2021-01-29 15:06:16.991  INFO 14364 --- [    Test worker] o.s.b.a.h2.H2ConsoleAutoConfiguration    : H2 console available at '/h2-console'. Database available at 'jdbc:h2:mem:testdb'
2021-01-29 15:06:17.042  INFO 14364 --- [    Test worker] o.s.b.a.w.s.WelcomePageHandlerMapping    : Adding welcome page template: index
2021-01-29 15:06:17.319  INFO 14364 --- [    Test worker] s.a.ScheduledAnnotationBeanPostProcessor : No TaskScheduler/ScheduledExecutorService bean found for scheduled processing
2021-01-29 15:06:17.329  INFO 14364 --- [    Test worker] c.j.s.s.w.d.posts.PostsRepositoryTest    : Started PostsRepositoryTest in 4.692 seconds (JVM running for 5.79)
Hibernate: insert into posts (created_date, modified_date, author, content, title) values (?, ?, ?, ?, ?)
Hibernate: select posts0_.id as id1_0_, posts0_.created_date as created_2_0_, posts0_.modified_date as modified3_0_, posts0_.author as author4_0_, posts0_.content as content5_0_, posts0_.title as title6_0_ from posts posts0_
Hibernate: select posts0_.id as id1_0_, posts0_.created_date as created_2_0_, posts0_.modified_date as modified3_0_, posts0_.author as author4_0_, posts0_.content as content5_0_, posts0_.title as title6_0_ from posts posts0_
Hibernate: delete from posts where id=?
Hibernate: insert into posts (created_date, modified_date, author, content, title) values (?, ?, ?, ?, ?)
Hibernate: select posts0_.id as id1_0_, posts0_.created_date as created_2_0_, posts0_.modified_date as modified3_0_, posts0_.author as author4_0_, posts0_.content as content5_0_, posts0_.title as title6_0_ from posts posts0_
>>>>>>>>> createDate=2021-01-29T15:06:17.501, modifiedDate=2021-01-29T15:06:17.501
Hibernate: select posts0_.id as id1_0_, posts0_.created_date as created_2_0_, posts0_.modified_date as modified3_0_, posts0_.author as author4_0_, posts0_.content as content5_0_, posts0_.title as title6_0_ from posts posts0_
Hibernate: delete from posts where id=?
]]></system-out>
  <system-err><![CDATA[]]></system-err>
</testsuite>
