<?xml version="1.0" encoding="UTF-8"?>
<testsuite name="com.jeongyun.study.springboot.web.HelloControllerTest" tests="2" skipped="0" failures="0" errors="0" timestamp="2021-01-29T06:06:18" hostname="eojeong-yun-ui-MacBookPro.local" time="0.161">
  <properties/>
  <testcase name="hello가_리턴된다()" classname="com.jeongyun.study.springboot.web.HelloControllerTest" time="0.068"/>
  <testcase name="helloDto가_리턴된다()" classname="com.jeongyun.study.springboot.web.HelloControllerTest" time="0.092"/>
  <system-out><![CDATA[2021-01-29 15:06:17.517  INFO 14364 --- [    Test worker] .b.t.a.w.s.WebMvcTestContextBootstrapper : Neither @ContextConfiguration nor @ContextHierarchy found for test class [com.jeongyun.study.springboot.web.HelloControllerTest], using SpringBootContextLoader
2021-01-29 15:06:17.518  INFO 14364 --- [    Test worker] o.s.t.c.support.AbstractContextLoader    : Could not detect default resource locations for test class [com.jeongyun.study.springboot.web.HelloControllerTest]: no resource found for suffixes {-context.xml, Context.groovy}.
2021-01-29 15:06:17.518  INFO 14364 --- [    Test worker] t.c.s.AnnotationConfigContextLoaderUtils : Could not detect default configuration classes for test class [com.jeongyun.study.springboot.web.HelloControllerTest]: HelloControllerTest does not declare any static, non-private, non-final, nested classes annotated with @Configuration.
2021-01-29 15:06:17.535  INFO 14364 --- [    Test worker] .b.t.c.SpringBootTestContextBootstrapper : Found @SpringBootConfiguration com.jeongyun.study.springboot.Application for test class com.jeongyun.study.springboot.web.HelloControllerTest
2021-01-29 15:06:17.536  INFO 14364 --- [    Test worker] .b.t.a.w.s.WebMvcTestContextBootstrapper : Loaded default TestExecutionListener class names from location [META-INF/spring.factories]: [org.springframework.security.test.context.support.WithSecurityContextTestExecutionListener, org.springframework.security.test.context.support.ReactorContextTestExecutionListener, org.springframework.boot.test.autoconfigure.restdocs.RestDocsTestExecutionListener, org.springframework.boot.test.autoconfigure.web.client.MockRestServiceServerResetTestExecutionListener, org.springframework.boot.test.autoconfigure.web.servlet.MockMvcPrintOnlyOnFailureTestExecutionListener, org.springframework.boot.test.autoconfigure.web.servlet.WebDriverTestExecutionListener, org.springframework.boot.test.autoconfigure.webservices.client.MockWebServiceServerTestExecutionListener, org.springframework.boot.test.mock.mockito.MockitoTestExecutionListener, org.springframework.boot.test.mock.mockito.ResetMocksTestExecutionListener, org.springframework.test.context.web.ServletTestExecutionListener, org.springframework.test.context.support.DirtiesContextBeforeModesTestExecutionListener, org.springframework.test.context.support.DependencyInjectionTestExecutionListener, org.springframework.test.context.support.DirtiesContextTestExecutionListener, org.springframework.test.context.transaction.TransactionalTestExecutionListener, org.springframework.test.context.jdbc.SqlScriptsTestExecutionListener, org.springframework.test.context.event.EventPublishingTestExecutionListener]
2021-01-29 15:06:17.537  INFO 14364 --- [    Test worker] .b.t.a.w.s.WebMvcTestContextBootstrapper : Using TestExecutionListeners: [org.springframework.test.context.web.ServletTestExecutionListener@16bfac30, org.springframework.test.context.support.DirtiesContextBeforeModesTestExecutionListener@671a596c, org.springframework.boot.test.mock.mockito.MockitoTestExecutionListener@6be4d610, org.springframework.boot.test.autoconfigure.SpringBootDependencyInjectionTestExecutionListener@614e577c, org.springframework.test.context.support.DirtiesContextTestExecutionListener@afba949, org.springframework.test.context.transaction.TransactionalTestExecutionListener@3f1f4043, org.springframework.test.context.jdbc.SqlScriptsTestExecutionListener@728645e6, org.springframework.security.test.context.support.WithSecurityContextTestExecutionListener@6160197d, org.springframework.test.context.event.EventPublishingTestExecutionListener@360655f9, org.springframework.security.test.context.support.ReactorContextTestExecutionListener@73de1622, org.springframework.boot.test.autoconfigure.restdocs.RestDocsTestExecutionListener@33b7d4ca, org.springframework.boot.test.autoconfigure.web.client.MockRestServiceServerResetTestExecutionListener@52fd8830, org.springframework.boot.test.autoconfigure.web.servlet.MockMvcPrintOnlyOnFailureTestExecutionListener@5650a60b, org.springframework.boot.test.autoconfigure.web.servlet.WebDriverTestExecutionListener@553cd5e5, org.springframework.boot.test.autoconfigure.webservices.client.MockWebServiceServerTestExecutionListener@58a05a0c, org.springframework.boot.test.mock.mockito.ResetMocksTestExecutionListener@6622e520]

  .   ____          _            __ _ _
 /\\ / ___'_ __ _ _(_)_ __  __ _ \ \ \ \
( ( )\___ | '_ | '_| | '_ \/ _` | \ \ \ \
 \\/  ___)| |_)| | | | | || (_| |  ) ) ) )
  '  |____| .__|_| |_|_| |_\__, | / / / /
 =========|_|==============|___/=/_/_/_/
 :: Spring Boot ::                (v2.4.1)

2021-01-29 15:06:17.562  INFO 14364 --- [    Test worker] c.j.s.s.web.HelloControllerTest          : Starting HelloControllerTest using Java 1.8.0_282 on eojeong-yun-ui-MacBookPro.local with PID 14364 (started by yurr in /Users/yurr/IdeaProjects/springboot)
2021-01-29 15:06:17.563  INFO 14364 --- [    Test worker] c.j.s.s.web.HelloControllerTest          : No active profile set, falling back to default profiles: default
2021-01-29 15:06:17.829  INFO 14364 --- [    Test worker] o.s.s.concurrent.ThreadPoolTaskExecutor  : Initializing ExecutorService 'applicationTaskExecutor'
2021-01-29 15:06:17.852  INFO 14364 --- [    Test worker] o.s.b.a.w.s.WelcomePageHandlerMapping    : Adding welcome page template: index
2021-01-29 15:06:18.054  INFO 14364 --- [    Test worker] o.s.s.web.DefaultSecurityFilterChain     : Will secure any request with [org.springframework.security.web.context.request.async.WebAsyncManagerIntegrationFilter@48e4aa04, org.springframework.security.web.context.SecurityContextPersistenceFilter@ca9e5f8, org.springframework.security.web.header.HeaderWriterFilter@40008f68, org.springframework.security.web.csrf.CsrfFilter@13381448, org.springframework.security.web.authentication.logout.LogoutFilter@a247a08, org.springframework.security.oauth2.client.web.OAuth2AuthorizationRequestRedirectFilter@1e28f284, org.springframework.security.oauth2.client.web.OAuth2AuthorizationRequestRedirectFilter@5937964f, org.springframework.security.oauth2.client.web.OAuth2LoginAuthenticationFilter@7c95bbee, org.springframework.security.web.authentication.ui.DefaultLoginPageGeneratingFilter@726373af, org.springframework.security.web.authentication.ui.DefaultLogoutPageGeneratingFilter@35f5e29a, org.springframework.security.web.savedrequest.RequestCacheAwareFilter@54858744, org.springframework.security.web.servletapi.SecurityContextHolderAwareRequestFilter@10ba2973, org.springframework.security.web.authentication.AnonymousAuthenticationFilter@4508230c, org.springframework.security.oauth2.client.web.OAuth2AuthorizationCodeGrantFilter@225a4af2, org.springframework.security.web.session.SessionManagementFilter@13494974, org.springframework.security.web.access.ExceptionTranslationFilter@33cd772e, org.springframework.security.web.access.intercept.FilterSecurityInterceptor@34b8eb07]
2021-01-29 15:06:18.121  INFO 14364 --- [    Test worker] o.s.b.t.m.w.SpringBootMockServletContext : Initializing Spring TestDispatcherServlet ''
2021-01-29 15:06:18.121  INFO 14364 --- [    Test worker] o.s.t.web.servlet.TestDispatcherServlet  : Initializing Servlet ''
2021-01-29 15:06:18.122  INFO 14364 --- [    Test worker] o.s.t.web.servlet.TestDispatcherServlet  : Completed initialization in 1 ms
2021-01-29 15:06:18.136  INFO 14364 --- [    Test worker] c.j.s.s.web.HelloControllerTest          : Started HelloControllerTest in 0.594 seconds (JVM running for 6.597)
]]></system-out>
  <system-err><![CDATA[]]></system-err>
</testsuite>
