<?xml version="1.0" encoding="UTF-8"?>
<testsuite name="com.jeongyun.study.springboot.web.indexControllerTest" tests="1" skipped="0" failures="0" errors="0" timestamp="2021-01-27T05:32:28" hostname="eojeong-yun-ui-MacBookPro.local" time="0.274">
  <properties/>
  <testcase name="메인페이지_로딩()" classname="com.jeongyun.study.springboot.web.indexControllerTest" time="0.274"/>
  <system-out><![CDATA[14:32:23.981 [Test worker] DEBUG org.springframework.test.context.BootstrapUtils - Instantiating CacheAwareContextLoaderDelegate from class [org.springframework.test.context.cache.DefaultCacheAwareContextLoaderDelegate]
14:32:23.997 [Test worker] DEBUG org.springframework.test.context.BootstrapUtils - Instantiating BootstrapContext using constructor [public org.springframework.test.context.support.DefaultBootstrapContext(java.lang.Class,org.springframework.test.context.CacheAwareContextLoaderDelegate)]
14:32:24.042 [Test worker] DEBUG org.springframework.test.context.BootstrapUtils - Instantiating TestContextBootstrapper for test class [com.jeongyun.study.springboot.web.indexControllerTest] from class [org.springframework.boot.test.context.SpringBootTestContextBootstrapper]
14:32:24.058 [Test worker] INFO org.springframework.boot.test.context.SpringBootTestContextBootstrapper - Neither @ContextConfiguration nor @ContextHierarchy found for test class [com.jeongyun.study.springboot.web.indexControllerTest], using SpringBootContextLoader
14:32:24.063 [Test worker] DEBUG org.springframework.test.context.support.AbstractContextLoader - Did not detect default resource location for test class [com.jeongyun.study.springboot.web.indexControllerTest]: class path resource [com/jeongyun/study/springboot/web/indexControllerTest-context.xml] does not exist
14:32:24.063 [Test worker] DEBUG org.springframework.test.context.support.AbstractContextLoader - Did not detect default resource location for test class [com.jeongyun.study.springboot.web.indexControllerTest]: class path resource [com/jeongyun/study/springboot/web/indexControllerTestContext.groovy] does not exist
14:32:24.063 [Test worker] INFO org.springframework.test.context.support.AbstractContextLoader - Could not detect default resource locations for test class [com.jeongyun.study.springboot.web.indexControllerTest]: no resource found for suffixes {-context.xml, Context.groovy}.
14:32:24.064 [Test worker] INFO org.springframework.test.context.support.AnnotationConfigContextLoaderUtils - Could not detect default configuration classes for test class [com.jeongyun.study.springboot.web.indexControllerTest]: indexControllerTest does not declare any static, non-private, non-final, nested classes annotated with @Configuration.
14:32:24.116 [Test worker] DEBUG org.springframework.test.context.support.ActiveProfilesUtils - Could not find an 'annotation declaring class' for annotation type [org.springframework.test.context.ActiveProfiles] and class [com.jeongyun.study.springboot.web.indexControllerTest]
14:32:24.223 [Test worker] DEBUG org.springframework.context.annotation.ClassPathScanningCandidateComponentProvider - Identified candidate component class: file [/Users/yurr/IdeaProjects/springboot/build/classes/java/main/com/jeongyun/study/springboot/Application.class]
14:32:24.223 [Test worker] INFO org.springframework.boot.test.context.SpringBootTestContextBootstrapper - Found @SpringBootConfiguration com.jeongyun.study.springboot.Application for test class com.jeongyun.study.springboot.web.indexControllerTest
14:32:24.325 [Test worker] DEBUG org.springframework.boot.test.context.SpringBootTestContextBootstrapper - @TestExecutionListeners is not present for class [com.jeongyun.study.springboot.web.indexControllerTest]: using defaults.
14:32:24.325 [Test worker] INFO org.springframework.boot.test.context.SpringBootTestContextBootstrapper - Loaded default TestExecutionListener class names from location [META-INF/spring.factories]: [org.springframework.boot.test.autoconfigure.restdocs.RestDocsTestExecutionListener, org.springframework.boot.test.autoconfigure.web.client.MockRestServiceServerResetTestExecutionListener, org.springframework.boot.test.autoconfigure.web.servlet.MockMvcPrintOnlyOnFailureTestExecutionListener, org.springframework.boot.test.autoconfigure.web.servlet.WebDriverTestExecutionListener, org.springframework.boot.test.autoconfigure.webservices.client.MockWebServiceServerTestExecutionListener, org.springframework.boot.test.mock.mockito.MockitoTestExecutionListener, org.springframework.boot.test.mock.mockito.ResetMocksTestExecutionListener, org.springframework.test.context.web.ServletTestExecutionListener, org.springframework.test.context.support.DirtiesContextBeforeModesTestExecutionListener, org.springframework.test.context.support.DependencyInjectionTestExecutionListener, org.springframework.test.context.support.DirtiesContextTestExecutionListener, org.springframework.test.context.transaction.TransactionalTestExecutionListener, org.springframework.test.context.jdbc.SqlScriptsTestExecutionListener, org.springframework.test.context.event.EventPublishingTestExecutionListener]
14:32:24.344 [Test worker] INFO org.springframework.boot.test.context.SpringBootTestContextBootstrapper - Using TestExecutionListeners: [org.springframework.test.context.web.ServletTestExecutionListener@1ebe54b, org.springframework.test.context.support.DirtiesContextBeforeModesTestExecutionListener@23437850, org.springframework.boot.test.mock.mockito.MockitoTestExecutionListener@75d6bf85, org.springframework.boot.test.autoconfigure.SpringBootDependencyInjectionTestExecutionListener@4b3db73f, org.springframework.test.context.support.DirtiesContextTestExecutionListener@15a2c2ae, org.springframework.test.context.transaction.TransactionalTestExecutionListener@2d9bb9b2, org.springframework.test.context.jdbc.SqlScriptsTestExecutionListener@6df11113, org.springframework.test.context.event.EventPublishingTestExecutionListener@4bd3c7dd, org.springframework.boot.test.autoconfigure.restdocs.RestDocsTestExecutionListener@4867cbbb, org.springframework.boot.test.autoconfigure.web.client.MockRestServiceServerResetTestExecutionListener@3841bd2c, org.springframework.boot.test.autoconfigure.web.servlet.MockMvcPrintOnlyOnFailureTestExecutionListener@5d5d4abe, org.springframework.boot.test.autoconfigure.web.servlet.WebDriverTestExecutionListener@86583e7, org.springframework.boot.test.autoconfigure.webservices.client.MockWebServiceServerTestExecutionListener@7e29bb43, org.springframework.boot.test.mock.mockito.ResetMocksTestExecutionListener@4bb4d177]
14:32:24.347 [Test worker] DEBUG org.springframework.test.context.support.AbstractDirtiesContextTestExecutionListener - Before test class: context [DefaultTestContext@48a591e3 testClass = indexControllerTest, testInstance = [null], testMethod = [null], testException = [null], mergedContextConfiguration = [WebMergedContextConfiguration@1691ed2 testClass = indexControllerTest, locations = '{}', classes = '{class com.jeongyun.study.springboot.Application}', contextInitializerClasses = '[]', activeProfiles = '{}', propertySourceLocations = '{}', propertySourceProperties = '{org.springframework.boot.test.context.SpringBootTestContextBootstrapper=true, server.port=0}', contextCustomizers = set[org.springframework.boot.test.autoconfigure.actuate.metrics.MetricsExportContextCustomizerFactory$DisableMetricExportContextCustomizer@1021f015, org.springframework.boot.test.autoconfigure.properties.PropertyMappingContextCustomizer@0, org.springframework.boot.test.autoconfigure.web.servlet.WebDriverContextCustomizerFactory$Customizer@7c9904ea, org.springframework.boot.test.context.filter.ExcludeFilterContextCustomizer@3043a436, org.springframework.boot.test.json.DuplicateJsonObjectContextCustomizerFactory$DuplicateJsonObjectContextCustomizer@3907457a, org.springframework.boot.test.mock.mockito.MockitoContextCustomizer@0, org.springframework.boot.test.web.client.TestRestTemplateContextCustomizer@527137f4, org.springframework.boot.test.context.SpringBootTestArgs@1, org.springframework.boot.test.context.SpringBootTestWebEnvironment@4ebd16e5], resourceBasePath = 'src/main/webapp', contextLoader = 'org.springframework.boot.test.context.SpringBootContextLoader', parent = [null]], attributes = map['org.springframework.test.context.web.ServletTestExecutionListener.activateListener' -> false]], class annotated with @DirtiesContext [false] with mode [null].
14:32:24.357 [Test worker] DEBUG org.springframework.test.context.support.DependencyInjectionTestExecutionListener - Performing dependency injection for test context [[DefaultTestContext@48a591e3 testClass = indexControllerTest, testInstance = com.jeongyun.study.springboot.web.indexControllerTest@17463a73, testMethod = [null], testException = [null], mergedContextConfiguration = [WebMergedContextConfiguration@1691ed2 testClass = indexControllerTest, locations = '{}', classes = '{class com.jeongyun.study.springboot.Application}', contextInitializerClasses = '[]', activeProfiles = '{}', propertySourceLocations = '{}', propertySourceProperties = '{org.springframework.boot.test.context.SpringBootTestContextBootstrapper=true, server.port=0}', contextCustomizers = set[org.springframework.boot.test.autoconfigure.actuate.metrics.MetricsExportContextCustomizerFactory$DisableMetricExportContextCustomizer@1021f015, org.springframework.boot.test.autoconfigure.properties.PropertyMappingContextCustomizer@0, org.springframework.boot.test.autoconfigure.web.servlet.WebDriverContextCustomizerFactory$Customizer@7c9904ea, org.springframework.boot.test.context.filter.ExcludeFilterContextCustomizer@3043a436, org.springframework.boot.test.json.DuplicateJsonObjectContextCustomizerFactory$DuplicateJsonObjectContextCustomizer@3907457a, org.springframework.boot.test.mock.mockito.MockitoContextCustomizer@0, org.springframework.boot.test.web.client.TestRestTemplateContextCustomizer@527137f4, org.springframework.boot.test.context.SpringBootTestArgs@1, org.springframework.boot.test.context.SpringBootTestWebEnvironment@4ebd16e5], resourceBasePath = 'src/main/webapp', contextLoader = 'org.springframework.boot.test.context.SpringBootContextLoader', parent = [null]], attributes = map['org.springframework.test.context.web.ServletTestExecutionListener.activateListener' -> false]]].
14:32:24.378 [Test worker] DEBUG org.springframework.test.context.support.TestPropertySourceUtils - Adding inlined properties to environment: {spring.jmx.enabled=false, org.springframework.boot.test.context.SpringBootTestContextBootstrapper=true, server.port=0}

  .   ____          _            __ _ _
 /\\ / ___'_ __ _ _(_)_ __  __ _ \ \ \ \
( ( )\___ | '_ | '_| | '_ \/ _` | \ \ \ \
 \\/  ___)| |_)| | | | | || (_| |  ) ) ) )
  '  |____| .__|_| |_|_| |_\__, | / / / /
 =========|_|==============|___/=/_/_/_/
 :: Spring Boot ::                (v2.4.1)

2021-01-27 14:32:24.822  INFO 10553 --- [    Test worker] c.j.s.s.web.indexControllerTest          : Starting indexControllerTest using Java 1.8.0_282 on eojeong-yun-ui-MacBookPro.local with PID 10553 (started by yurr in /Users/yurr/IdeaProjects/springboot)
2021-01-27 14:32:24.824  INFO 10553 --- [    Test worker] c.j.s.s.web.indexControllerTest          : No active profile set, falling back to default profiles: default
2021-01-27 14:32:25.411  INFO 10553 --- [    Test worker] .s.d.r.c.RepositoryConfigurationDelegate : Bootstrapping Spring Data JPA repositories in DEFAULT mode.
2021-01-27 14:32:25.471  INFO 10553 --- [    Test worker] .s.d.r.c.RepositoryConfigurationDelegate : Finished Spring Data repository scanning in 51 ms. Found 1 JPA repository interfaces.
2021-01-27 14:32:26.167  INFO 10553 --- [    Test worker] o.s.b.w.embedded.tomcat.TomcatWebServer  : Tomcat initialized with port(s): 0 (http)
2021-01-27 14:32:26.178  INFO 10553 --- [    Test worker] o.apache.catalina.core.StandardService   : Starting service [Tomcat]
2021-01-27 14:32:26.178  INFO 10553 --- [    Test worker] org.apache.catalina.core.StandardEngine  : Starting Servlet engine: [Apache Tomcat/9.0.41]
2021-01-27 14:32:26.298  INFO 10553 --- [    Test worker] o.a.c.c.C.[Tomcat].[localhost].[/]       : Initializing Spring embedded WebApplicationContext
2021-01-27 14:32:26.298  INFO 10553 --- [    Test worker] w.s.c.ServletWebServerApplicationContext : Root WebApplicationContext: initialization completed in 1454 ms
2021-01-27 14:32:26.357  INFO 10553 --- [    Test worker] com.zaxxer.hikari.HikariDataSource       : HikariPool-1 - Starting...
2021-01-27 14:32:26.550  INFO 10553 --- [    Test worker] com.zaxxer.hikari.HikariDataSource       : HikariPool-1 - Start completed.
2021-01-27 14:32:26.558  INFO 10553 --- [    Test worker] o.s.b.a.h2.H2ConsoleAutoConfiguration    : H2 console available at '/h2-console'. Database available at 'jdbc:h2:mem:testdb'
2021-01-27 14:32:26.804  INFO 10553 --- [    Test worker] o.hibernate.jpa.internal.util.LogHelper  : HHH000204: Processing PersistenceUnitInfo [name: default]
2021-01-27 14:32:26.881  INFO 10553 --- [    Test worker] org.hibernate.Version                    : HHH000412: Hibernate ORM core version 5.4.25.Final
2021-01-27 14:32:27.078  INFO 10553 --- [    Test worker] o.hibernate.annotations.common.Version   : HCANN000001: Hibernate Commons Annotations {5.1.2.Final}
2021-01-27 14:32:27.207  INFO 10553 --- [    Test worker] org.hibernate.dialect.Dialect            : HHH000400: Using dialect: org.hibernate.dialect.MySQL57Dialect
Hibernate: drop table if exists posts
Hibernate: create table posts (id bigint not null auto_increment, created_date datetime(6), modified_date datetime(6), author varchar(255), content TEXT not null, title varchar(500) not null, primary key (id)) engine=InnoDB
2021-01-27 14:32:27.822  INFO 10553 --- [    Test worker] o.h.e.t.j.p.i.JtaPlatformInitiator       : HHH000490: Using JtaPlatform implementation: [org.hibernate.engine.transaction.jta.platform.internal.NoJtaPlatform]
2021-01-27 14:32:27.831  INFO 10553 --- [    Test worker] j.LocalContainerEntityManagerFactoryBean : Initialized JPA EntityManagerFactory for persistence unit 'default'
2021-01-27 14:32:28.195  WARN 10553 --- [    Test worker] JpaBaseConfiguration$JpaWebConfiguration : spring.jpa.open-in-view is enabled by default. Therefore, database queries may be performed during view rendering. Explicitly configure spring.jpa.open-in-view to disable this warning
2021-01-27 14:32:28.384  INFO 10553 --- [    Test worker] o.s.s.concurrent.ThreadPoolTaskExecutor  : Initializing ExecutorService 'applicationTaskExecutor'
2021-01-27 14:32:28.612  INFO 10553 --- [    Test worker] o.s.b.a.w.s.WelcomePageHandlerMapping    : Adding welcome page template: index
2021-01-27 14:32:28.878  INFO 10553 --- [    Test worker] o.s.b.w.embedded.tomcat.TomcatWebServer  : Tomcat started on port(s): 49981 (http) with context path ''
2021-01-27 14:32:28.885  INFO 10553 --- [    Test worker] c.j.s.s.web.indexControllerTest          : Started indexControllerTest in 4.504 seconds (JVM running for 5.615)
2021-01-27 14:32:29.053  INFO 10553 --- [o-auto-1-exec-1] o.a.c.c.C.[Tomcat].[localhost].[/]       : Initializing Spring DispatcherServlet 'dispatcherServlet'
2021-01-27 14:32:29.053  INFO 10553 --- [o-auto-1-exec-1] o.s.web.servlet.DispatcherServlet        : Initializing Servlet 'dispatcherServlet'
2021-01-27 14:32:29.054  INFO 10553 --- [o-auto-1-exec-1] o.s.web.servlet.DispatcherServlet        : Completed initialization in 1 ms
]]></system-out>
  <system-err><![CDATA[]]></system-err>
</testsuite>
